<?xml version="1.0" encoding="UTF-8"?>
<testsuite name="com.backcountry.store.orchestrator.PGPUtilsTest" tests="4" skipped="4" failures="0" errors="0" timestamp="2022-09-04T06:27:02" hostname="PNL-26VJGK3" time="0.001">
  <properties/>
  <testcase name="testPGPEncryption" classname="com.backcountry.store.orchestrator.PGPUtilsTest" time="0.0">
    <skipped/>
  </testcase>
  <testcase name="testPGPEncryptionAndDecrypt" classname="com.backcountry.store.orchestrator.PGPUtilsTest" time="0.0">
    <skipped/>
  </testcase>
  <testcase name="testEncryptionAndDecryptWithEncryptionFirst" classname="com.backcountry.store.orchestrator.PGPUtilsTest" time="0.0">
    <skipped/>
  </testcase>
  <testcase name="testPGPDecryption" classname="com.backcountry.store.orchestrator.PGPUtilsTest" time="0.0">
    <skipped/>
  </testcase>
  <system-out><![CDATA[11:57:02.525 [Test worker] DEBUG org.springframework.test.context.junit4.SpringJUnit4ClassRunner - SpringJUnit4ClassRunner constructor called with [class com.backcountry.store.orchestrator.PGPUtilsTest]
11:57:02.525 [Test worker] DEBUG org.springframework.test.context.BootstrapUtils - Instantiating CacheAwareContextLoaderDelegate from class [org.springframework.test.context.cache.DefaultCacheAwareContextLoaderDelegate]
11:57:02.525 [Test worker] DEBUG org.springframework.test.context.BootstrapUtils - Instantiating BootstrapContext using constructor [public org.springframework.test.context.support.DefaultBootstrapContext(java.lang.Class,org.springframework.test.context.CacheAwareContextLoaderDelegate)]
11:57:02.541 [Test worker] DEBUG org.springframework.test.context.BootstrapUtils - Instantiating TestContextBootstrapper for test class [com.backcountry.store.orchestrator.PGPUtilsTest] from class [org.springframework.test.context.support.DefaultTestContextBootstrapper]
11:57:02.557 [Test worker] INFO org.springframework.test.context.support.DefaultTestContextBootstrapper - Neither @ContextConfiguration nor @ContextHierarchy found for test class [com.backcountry.store.orchestrator.PGPUtilsTest], using DelegatingSmartContextLoader
11:57:02.557 [Test worker] DEBUG org.springframework.test.context.support.AbstractDelegatingSmartContextLoader - Delegating to GenericXmlContextLoader to process context configuration [ContextConfigurationAttributes@4ed5eb72 declaringClass = 'com.backcountry.store.orchestrator.PGPUtilsTest', classes = '{}', locations = '{}', inheritLocations = false, initializers = '{}', inheritInitializers = true, name = [null], contextLoaderClass = 'org.springframework.test.context.ContextLoader'].
11:57:02.557 [Test worker] DEBUG org.springframework.test.context.support.AbstractContextLoader - Did not detect default resource location for test class [com.backcountry.store.orchestrator.PGPUtilsTest]: class path resource [com/backcountry/store/orchestrator/PGPUtilsTest-context.xml] does not exist
11:57:02.557 [Test worker] INFO org.springframework.test.context.support.AbstractContextLoader - Could not detect default resource locations for test class [com.backcountry.store.orchestrator.PGPUtilsTest]: no resource found for suffixes {-context.xml}.
11:57:02.557 [Test worker] DEBUG org.springframework.test.context.support.AbstractDelegatingSmartContextLoader - Delegating to AnnotationConfigContextLoader to process context configuration [ContextConfigurationAttributes@4ed5eb72 declaringClass = 'com.backcountry.store.orchestrator.PGPUtilsTest', classes = '{}', locations = '{}', inheritLocations = false, initializers = '{}', inheritInitializers = true, name = [null], contextLoaderClass = 'org.springframework.test.context.ContextLoader'].
11:57:02.557 [Test worker] INFO org.springframework.test.context.support.AnnotationConfigContextLoaderUtils - Could not detect default configuration classes for test class [com.backcountry.store.orchestrator.PGPUtilsTest]: PGPUtilsTest does not declare any static, non-private, non-final, nested classes annotated with @Configuration.
11:57:02.631 [Test worker] DEBUG org.springframework.test.context.support.ActiveProfilesUtils - Could not find an 'annotation declaring class' for annotation type [org.springframework.test.context.ActiveProfiles] and class [com.backcountry.store.orchestrator.PGPUtilsTest]
11:57:02.631 [Test worker] DEBUG org.springframework.test.context.support.DefaultTestContextBootstrapper - @TestExecutionListeners is not present for class [com.backcountry.store.orchestrator.PGPUtilsTest]: using defaults.
11:57:02.647 [Test worker] INFO org.springframework.test.context.support.DefaultTestContextBootstrapper - Loaded default TestExecutionListener class names from location [META-INF/spring.factories]: [org.springframework.security.test.context.support.WithSecurityContextTestExecutionListener, org.springframework.security.test.context.support.ReactorContextTestExecutionListener, org.springframework.boot.test.autoconfigure.restdocs.RestDocsTestExecutionListener, org.springframework.boot.test.autoconfigure.web.client.MockRestServiceServerResetTestExecutionListener, org.springframework.boot.test.autoconfigure.web.servlet.MockMvcPrintOnlyOnFailureTestExecutionListener, org.springframework.boot.test.autoconfigure.web.servlet.WebDriverTestExecutionListener, org.springframework.boot.test.mock.mockito.MockitoTestExecutionListener, org.springframework.boot.test.mock.mockito.ResetMocksTestExecutionListener, org.springframework.test.context.web.ServletTestExecutionListener, org.springframework.test.context.support.DirtiesContextBeforeModesTestExecutionListener, org.springframework.test.context.support.DependencyInjectionTestExecutionListener, org.springframework.test.context.support.DirtiesContextTestExecutionListener, org.springframework.test.context.transaction.TransactionalTestExecutionListener, org.springframework.test.context.jdbc.SqlScriptsTestExecutionListener]
11:57:02.663 [Test worker] INFO org.springframework.test.context.support.DefaultTestContextBootstrapper - Using TestExecutionListeners: [org.springframework.test.context.web.ServletTestExecutionListener@ebb6851, org.springframework.test.context.support.DirtiesContextBeforeModesTestExecutionListener@70ab2d48, org.springframework.boot.test.mock.mockito.MockitoTestExecutionListener@5b068087, org.springframework.test.context.support.DependencyInjectionTestExecutionListener@6f152006, org.springframework.test.context.support.DirtiesContextTestExecutionListener@3a393455, org.springframework.test.context.transaction.TransactionalTestExecutionListener@13518f37, org.springframework.test.context.jdbc.SqlScriptsTestExecutionListener@7cbc3762, org.springframework.security.test.context.support.WithSecurityContextTestExecutionListener@3a6f2de3, org.springframework.security.test.context.support.ReactorContextTestExecutionListener@49872d67, org.springframework.boot.test.autoconfigure.restdocs.RestDocsTestExecutionListener@56303b57, org.springframework.boot.test.autoconfigure.web.client.MockRestServiceServerResetTestExecutionListener@4b2a01d4, org.springframework.boot.test.autoconfigure.web.servlet.MockMvcPrintOnlyOnFailureTestExecutionListener@8692d67, org.springframework.boot.test.autoconfigure.web.servlet.WebDriverTestExecutionListener@78f5c518, org.springframework.boot.test.mock.mockito.ResetMocksTestExecutionListener@2f48b3d2]
11:57:02.663 [Test worker] DEBUG org.springframework.test.annotation.ProfileValueUtils - Retrieved @ProfileValueSourceConfiguration [null] for test class [com.backcountry.store.orchestrator.PGPUtilsTest]
11:57:02.663 [Test worker] DEBUG org.springframework.test.annotation.ProfileValueUtils - Retrieved ProfileValueSource type [class org.springframework.test.annotation.SystemProfileValueSource] for class [com.backcountry.store.orchestrator.PGPUtilsTest]
]]></system-out>
  <system-err><![CDATA[SLF4J: Class path contains multiple SLF4J bindings.
SLF4J: Found binding in [jar:file:/C:/Users/naman.chopra/.gradle/caches/modules-2/files-2.1/ch.qos.logback/logback-classic/1.2.3/7c4f3c474fb2c041d8028740440937705ebb473a/logback-classic-1.2.3.jar!/org/slf4j/impl/StaticLoggerBinder.class]
SLF4J: Found binding in [jar:file:/C:/Users/naman.chopra/.gradle/caches/modules-2/files-2.1/org.slf4j/slf4j-jdk14/1.5.6/cc383fbd07dd1826bbcba1b907bbdc0b5be627f1/slf4j-jdk14-1.5.6.jar!/org/slf4j/impl/StaticLoggerBinder.class]
SLF4J: Found binding in [jar:file:/C:/Users/naman.chopra/.gradle/caches/modules-2/files-2.1/org.slf4j/slf4j-nop/1.5.3/36a3c886235cddd05e55a979cef549196740231a/slf4j-nop-1.5.3.jar!/org/slf4j/impl/StaticLoggerBinder.class]
SLF4J: See http://www.slf4j.org/codes.html#multiple_bindings for an explanation.
SLF4J: Actual binding is of type [ch.qos.logback.classic.util.ContextSelectorStaticBinder]
]]></system-err>
</testsuite>
